# JRE version: OpenJDK Runtime Environment (11.0.3+7) (build 11.0.3+7)
# Java VM: OpenJDK 64-Bit Server VM (11.0.3+7, mixed mode, tiered, compressed oops, g1 gc, windows-amd64)
Heap:
 garbage-first heap   total 630784K, used 85184K [0x0000000601a00000, 0x0000000800000000)
  region size 2048K, 41 young (83968K), 4 survivors (8192K)
 Metaspace       used 45819K, capacity 46931K, committed 47104K, reserved 1089536K
  class space    used 5563K, capacity 6031K, committed 6144K, reserved 1048576K
GC Heap History (10 events):
Event: 0.705 GC heap before
{Heap before GC invocations=0 (full 0):
 garbage-first heap   total 524288K, used 22528K [0x0000000601a00000, 0x0000000800000000)
  region size 2048K, 12 young (24576K), 0 survivors (0K)
 Metaspace       used 10913K, capacity 11071K, committed 11136K, reserved 1058816K
  class space    used 1041K, capacity 1103K, committed 1152K, reserved 1048576K
}
Event: 0.710 GC heap after
{Heap after GC invocations=1 (full 0):
 garbage-first heap   total 524288K, used 5484K [0x0000000601a00000, 0x0000000800000000)
  region size 2048K, 2 young (4096K), 2 survivors (4096K)
 Metaspace       used 10913K, capacity 11071K, committed 11136K, reserved 1058816K
  class space    used 1041K, capacity 1103K, committed 1152K, reserved 1048576K
}
Event: 0.992 GC heap before
{Heap before GC invocations=1 (full 0):
 garbage-first heap   total 524288K, used 50540K [0x0000000601a00000, 0x0000000800000000)
  region size 2048K, 25 young (51200K), 2 survivors (4096K)
 Metaspace       used 13915K, capacity 14157K, committed 14336K, reserved 1062912K
  class space    used 1389K, capacity 1480K, committed 1536K, reserved 1048576K
}
Event: 0.996 GC heap after
{Heap after GC invocations=2 (full 0):
 garbage-first heap   total 524288K, used 6442K [0x0000000601a00000, 0x0000000800000000)
  region size 2048K, 3 young (6144K), 3 survivors (6144K)
 Metaspace       used 13915K, capacity 14157K, committed 14336K, reserved 1062912K
  class space    used 1389K, capacity 1480K, committed 1536K, reserved 1048576K
}
Event: 1.577 GC heap before
{Heap before GC invocations=2 (full 0):
 garbage-first heap   total 524288K, used 43306K [0x0000000601a00000, 0x0000000800000000)
  region size 2048K, 22 young (45056K), 3 survivors (6144K)
 Metaspace       used 20742K, capacity 21192K, committed 21296K, reserved 1069056K
  class space    used 2246K, capacity 2429K, committed 2432K, reserved 1048576K
}
Event: 1.585 GC heap after
{Heap after GC invocations=3 (full 0):
 garbage-first heap   total 524288K, used 7590K [0x0000000601a00000, 0x0000000800000000)
  region size 2048K, 2 young (4096K), 2 survivors (4096K)
 Metaspace       used 20742K, capacity 21192K, committed 21296K, reserved 1069056K
  class space    used 2246K, capacity 2429K, committed 2432K, reserved 1048576K
}
Event: 2.182 GC heap before
{Heap before GC invocations=4 (full 0):
 garbage-first heap   total 524288K, used 75174K [0x0000000601a00000, 0x0000000800000000)
  region size 2048K, 36 young (73728K), 2 survivors (4096K)
 Metaspace       used 24663K, capacity 25290K, committed 25600K, reserved 1071104K
  class space    used 2744K, capacity 2979K, committed 3072K, reserved 1048576K
}
Event: 2.187 GC heap after
{Heap after GC invocations=5 (full 0):
 garbage-first heap   total 524288K, used 9139K [0x0000000601a00000, 0x0000000800000000)
  region size 2048K, 2 young (4096K), 2 survivors (4096K)
 Metaspace       used 24663K, capacity 25290K, committed 25600K, reserved 1071104K
  class space    used 2744K, capacity 2979K, committed 3072K, reserved 1048576K
}
Event: 5.195 GC heap before
{Heap before GC invocations=5 (full 0):
 garbage-first heap   total 524288K, used 170931K [0x0000000601a00000, 0x0000000800000000)
  region size 2048K, 83 young (169984K), 2 survivors (4096K)
 Metaspace       used 34906K, capacity 35909K, committed 35968K, reserved 1081344K
  class space    used 4044K, capacity 4453K, committed 4480K, reserved 1048576K
}
Event: 5.226 GC heap after
{Heap after GC invocations=6 (full 0):
 garbage-first heap   total 630784K, used 13504K [0x0000000601a00000, 0x0000000800000000)
  region size 2048K, 4 young (8192K), 4 survivors (8192K)
 Metaspace       used 34906K, capacity 35909K, committed 35968K, reserved 1081344K
  class space    used 4044K, capacity 4453K, committed 4480K, reserved 1048576K
}

